========== Fold: 0 Training ==========
Training Data Shape: (46916, 22)
Validation Data Shape: (11729, 22)
Classes: [False, True]

Decision Tree
Train Metrics, Accuracy: 0.9079, Precision: 0.6452, Recall: 0.7847, F1 Score: 0.7082, ROC AUC: 0.9139, Avg Precision: 0.7651
Valid Metrics, Accuracy: 0.9005, Precision: 0.6243, Recall: 0.7563, F1 Score: 0.6840, ROC AUC: 0.8997, Avg Precision: 0.7390
Training Runtime: 0.16s, Prediction Runtime: 0.03s

Extra Trees
Train Metrics, Accuracy: 0.8678, Precision: 0.5239, Recall: 0.7891, F1 Score: 0.6297, ROC AUC: 0.8942, Avg Precision: 0.6664
Valid Metrics, Accuracy: 0.8615, Precision: 0.5089, Recall: 0.7695, F1 Score: 0.6126, ROC AUC: 0.8836, Avg Precision: 0.6431
Training Runtime: 1.75s, Prediction Runtime: 0.49s

========== Fold: 1 Training ==========
Training Data Shape: (46916, 22)
Validation Data Shape: (11729, 22)
Classes: [False, True]

Decision Tree
Train Metrics, Accuracy: 0.8839, Precision: 0.5645, Recall: 0.8061, F1 Score: 0.6640, ROC AUC: 0.9058, Avg Precision: 0.7572
Valid Metrics, Accuracy: 0.8867, Precision: 0.5720, Recall: 0.8108, F1 Score: 0.6708, ROC AUC: 0.9096, Avg Precision: 0.7665
Training Runtime: 0.13s, Prediction Runtime: 0.03s

Extra Trees
Train Metrics, Accuracy: 0.8527, Precision: 0.4895, Recall: 0.8003, F1 Score: 0.6075, ROC AUC: 0.8924, Avg Precision: 0.6627
Valid Metrics, Accuracy: 0.8534, Precision: 0.4908, Recall: 0.7976, F1 Score: 0.6077, ROC AUC: 0.8916, Avg Precision: 0.6605
Training Runtime: 1.24s, Prediction Runtime: 0.52s

========== Fold: 2 Training ==========
Training Data Shape: (46916, 22)
Validation Data Shape: (11729, 22)
Classes: [False, True]

Decision Tree
Train Metrics, Accuracy: 0.8968, Precision: 0.6045, Recall: 0.7948, F1 Score: 0.6867, ROC AUC: 0.9134, Avg Precision: 0.7635
Valid Metrics, Accuracy: 0.8940, Precision: 0.5995, Recall: 0.7701, F1 Score: 0.6742, ROC AUC: 0.9016, Avg Precision: 0.7469
Training Runtime: 0.14s, Prediction Runtime: 0.03s

Extra Trees
Train Metrics, Accuracy: 0.8556, Precision: 0.4957, Recall: 0.8012, F1 Score: 0.6125, ROC AUC: 0.8934, Avg Precision: 0.6614
Valid Metrics, Accuracy: 0.8563, Precision: 0.4970, Recall: 0.7898, F1 Score: 0.6101, ROC AUC: 0.8913, Avg Precision: 0.6729
Training Runtime: 1.34s, Prediction Runtime: 0.6s

========== Fold: 3 Training ==========
Training Data Shape: (46916, 22)
Validation Data Shape: (11729, 22)
Classes: [False, True]

Decision Tree
Train Metrics, Accuracy: 0.8844, Precision: 0.5663, Recall: 0.8042, F1 Score: 0.6646, ROC AUC: 0.9101, Avg Precision: 0.7587
Valid Metrics, Accuracy: 0.8882, Precision: 0.5759, Recall: 0.8156, F1 Score: 0.6751, ROC AUC: 0.9152, Avg Precision: 0.7724
Training Runtime: 0.19s, Prediction Runtime: 0.03s

Extra Trees
Train Metrics, Accuracy: 0.8612, Precision: 0.5080, Recall: 0.7904, F1 Score: 0.6185, ROC AUC: 0.8912, Avg Precision: 0.6562
Valid Metrics, Accuracy: 0.8608, Precision: 0.5070, Recall: 0.8042, F1 Score: 0.6219, ROC AUC: 0.8966, Avg Precision: 0.6686
Training Runtime: 1.53s, Prediction Runtime: 0.52s

========== Fold: 4 Training ==========
Training Data Shape: (46916, 22)
Validation Data Shape: (11729, 22)
Classes: [False, True]

Decision Tree
Train Metrics, Accuracy: 0.9175, Precision: 0.6893, Recall: 0.7662, F1 Score: 0.7257, ROC AUC: 0.9104, Avg Precision: 0.7595
Valid Metrics, Accuracy: 0.9131, Precision: 0.6696, Recall: 0.7695, F1 Score: 0.7161, ROC AUC: 0.9113, Avg Precision: 0.7530
Training Runtime: 0.13s, Prediction Runtime: 0.03s

Extra Trees
Train Metrics, Accuracy: 0.8656, Precision: 0.5184, Recall: 0.7901, F1 Score: 0.6261, ROC AUC: 0.8950, Avg Precision: 0.6757
Valid Metrics, Accuracy: 0.8636, Precision: 0.5136, Recall: 0.7928, F1 Score: 0.6234, ROC AUC: 0.8969, Avg Precision: 0.6614
Training Runtime: 1.33s, Prediction Runtime: 0.56s

