========== Fold: 0 Training ==========
Training Data Shape: (153898, 23)
Validation Data Shape: (38475, 23)

Linear Regression 1
Train Metrics, MSE: 910132.1131, RMSE: 954.0084, MAE: 628.3009, MedAE: 429.3326, R2: 0.9444, Adj R2: 0.9444
Valid Metrics, MSE: 895296.8718, RMSE: 946.2013, MAE: 626.6691, MedAE: 432.3671, R2: 0.9447, Adj R2: 0.9446
Training Runtime: 0.13s, Prediction Runtime: 0.03s

Ridge Regression 1
Train Metrics, MSE: 910132.2994, RMSE: 954.0085, MAE: 628.3125, MedAE: 429.3186, R2: 0.9444, Adj R2: 0.9444
Valid Metrics, MSE: 895301.2760, RMSE: 946.2036, MAE: 626.6813, MedAE: 432.3579, R2: 0.9447, Adj R2: 0.9446
Training Runtime: 0.06s, Prediction Runtime: 0.03s

Lasso 1
Train Metrics, MSE: 912457.5353, RMSE: 955.2264, MAE: 628.4853, MedAE: 428.2244, R2: 0.9442, Adj R2: 0.9442
Valid Metrics, MSE: 897520.7011, RMSE: 947.3757, MAE: 626.9242, MedAE: 431.4997, R2: 0.9445, Adj R2: 0.9445
Training Runtime: 5.4s, Prediction Runtime: 0.03s

Elastic Net 1
Train Metrics, MSE: 2338165.6587, RMSE: 1529.1062, MAE: 1054.9717, MedAE: 797.7334, R2: 0.8571, Adj R2: 0.8571
Valid Metrics, MSE: 2288582.8602, RMSE: 1512.8063, MAE: 1048.3377, MedAE: 792.8462, R2: 0.8585, Adj R2: 0.8585
Training Runtime: 0.21s, Prediction Runtime: 0.03s

Best Model: Linear Regression 1 | ROC AUC: 946.2012850346428

========== Fold: 1 Training ==========
Training Data Shape: (153898, 23)
Validation Data Shape: (38475, 23)

Linear Regression 1
Train Metrics, MSE: 907335.0003, RMSE: 952.5413, MAE: 627.7648, MedAE: 429.7421, R2: 0.9445, Adj R2: 0.9445
Valid Metrics, MSE: 906684.5794, RMSE: 952.1999, MAE: 627.8615, MedAE: 430.9192, R2: 0.9443, Adj R2: 0.9443
Training Runtime: 0.12s, Prediction Runtime: 0.03s

Ridge Regression 1
Train Metrics, MSE: 907335.1814, RMSE: 952.5414, MAE: 627.7760, MedAE: 429.7424, R2: 0.9445, Adj R2: 0.9445
Valid Metrics, MSE: 906693.8231, RMSE: 952.2047, MAE: 627.8774, MedAE: 430.9397, R2: 0.9443, Adj R2: 0.9443
Training Runtime: 0.05s, Prediction Runtime: 0.03s

Lasso 1
Train Metrics, MSE: 909688.9428, RMSE: 953.7761, MAE: 627.9602, MedAE: 428.9119, R2: 0.9443, Adj R2: 0.9443
Valid Metrics, MSE: 909507.2230, RMSE: 953.6809, MAE: 628.1707, MedAE: 430.4907, R2: 0.9441, Adj R2: 0.9441
Training Runtime: 5.53s, Prediction Runtime: 0.03s

Elastic Net 1
Train Metrics, MSE: 2332651.7550, RMSE: 1527.3021, MAE: 1053.5578, MedAE: 796.4441, R2: 0.8572, Adj R2: 0.8572
Valid Metrics, MSE: 2321504.9822, RMSE: 1523.6486, MAE: 1051.8052, MedAE: 794.1260, R2: 0.8574, Adj R2: 0.8573
Training Runtime: 0.22s, Prediction Runtime: 0.03s

Best Model: Linear Regression 1 | ROC AUC: 952.1998631832865

========== Fold: 2 Training ==========
Training Data Shape: (153898, 23)
Validation Data Shape: (38475, 23)

Linear Regression 1
Train Metrics, MSE: 907818.4335, RMSE: 952.7951, MAE: 627.9913, MedAE: 429.7435, R2: 0.9445, Adj R2: 0.9445
Valid Metrics, MSE: 904929.1265, RMSE: 951.2776, MAE: 624.7682, MedAE: 426.0127, R2: 0.9443, Adj R2: 0.9443
Training Runtime: 0.14s, Prediction Runtime: 0.03s

Ridge Regression 1
Train Metrics, MSE: 907818.6641, RMSE: 952.7952, MAE: 628.0000, MedAE: 429.7579, R2: 0.9445, Adj R2: 0.9445
Valid Metrics, MSE: 904898.0153, RMSE: 951.2613, MAE: 624.7724, MedAE: 426.1101, R2: 0.9443, Adj R2: 0.9443
Training Runtime: 0.05s, Prediction Runtime: 0.03s

Lasso 1
Train Metrics, MSE: 910224.6287, RMSE: 954.0569, MAE: 628.2522, MedAE: 428.9164, R2: 0.9443, Adj R2: 0.9443
Valid Metrics, MSE: 908151.1735, RMSE: 952.9697, MAE: 625.3510, MedAE: 425.6032, R2: 0.9441, Adj R2: 0.9441
Training Runtime: 6.1s, Prediction Runtime: 0.03s

Elastic Net 1
Train Metrics, MSE: 2334335.7205, RMSE: 1527.8533, MAE: 1053.9255, MedAE: 795.4923, R2: 0.8572, Adj R2: 0.8572
Valid Metrics, MSE: 2299743.4619, RMSE: 1516.4905, MAE: 1050.9979, MedAE: 800.5804, R2: 0.8584, Adj R2: 0.8584
Training Runtime: 0.21s, Prediction Runtime: 0.03s

Best Model: Ridge Regression 1 | ROC AUC: 951.2612760240042

========== Fold: 3 Training ==========
Training Data Shape: (153899, 23)
Validation Data Shape: (38474, 23)

Linear Regression 1
Train Metrics, MSE: 904066.8667, RMSE: 950.8243, MAE: 627.2403, MedAE: 429.5014, R2: 0.9446, Adj R2: 0.9446
Valid Metrics, MSE: 919541.9998, RMSE: 958.9275, MAE: 627.9821, MedAE: 427.1485, R2: 0.9440, Adj R2: 0.9439
Training Runtime: 0.12s, Prediction Runtime: 0.03s

Ridge Regression 1
Train Metrics, MSE: 904067.0580, RMSE: 950.8244, MAE: 627.2515, MedAE: 429.4905, R2: 0.9446, Adj R2: 0.9446
Valid Metrics, MSE: 919536.0872, RMSE: 958.9244, MAE: 627.9919, MedAE: 427.1554, R2: 0.9440, Adj R2: 0.9439
Training Runtime: 0.05s, Prediction Runtime: 0.02s

Lasso 1
Train Metrics, MSE: 906472.7853, RMSE: 952.0886, MAE: 627.4211, MedAE: 428.5661, R2: 0.9444, Adj R2: 0.9444
Valid Metrics, MSE: 921433.5983, RMSE: 959.9133, MAE: 628.0273, MedAE: 426.6274, R2: 0.9438, Adj R2: 0.9438
Training Runtime: 5.84s, Prediction Runtime: 0.03s

Elastic Net 1
Train Metrics, MSE: 2329421.6726, RMSE: 1526.2443, MAE: 1052.6116, MedAE: 794.7514, R2: 0.8572, Adj R2: 0.8571
Valid Metrics, MSE: 2336274.5376, RMSE: 1528.4877, MAE: 1053.1968, MedAE: 792.2502, R2: 0.8576, Adj R2: 0.8576
Training Runtime: 0.21s, Prediction Runtime: 0.02s

Best Model: Ridge Regression 1 | ROC AUC: 958.9244429066792

========== Fold: 4 Training ==========
Training Data Shape: (153899, 23)
Validation Data Shape: (38474, 23)

Linear Regression 1
Train Metrics, MSE: 905673.5860, RMSE: 951.6688, MAE: 625.9142, MedAE: 428.1802, R2: 0.9444, Adj R2: 0.9443
Valid Metrics, MSE: 921020.6831, RMSE: 959.6982, MAE: 630.9925, MedAE: 429.2681, R2: 0.9443, Adj R2: 0.9443
Training Runtime: 0.14s, Prediction Runtime: 0.02s

Ridge Regression 1
Train Metrics, MSE: 905673.7689, RMSE: 951.6689, MAE: 625.9248, MedAE: 428.1561, R2: 0.9444, Adj R2: 0.9443
Valid Metrics, MSE: 921089.1798, RMSE: 959.7339, MAE: 631.0027, MedAE: 429.2482, R2: 0.9443, Adj R2: 0.9443
Training Runtime: 0.05s, Prediction Runtime: 0.03s

Lasso 1
Train Metrics, MSE: 907951.2387, RMSE: 952.8648, MAE: 626.0501, MedAE: 427.2730, R2: 0.9442, Adj R2: 0.9442
Valid Metrics, MSE: 919440.1068, RMSE: 958.8744, MAE: 630.7058, MedAE: 427.9314, R2: 0.9444, Adj R2: 0.9444
Training Runtime: 5.48s, Prediction Runtime: 0.03s

Elastic Net 1
Train Metrics, MSE: 2315604.0428, RMSE: 1521.7109, MAE: 1051.3959, MedAE: 794.0594, R2: 0.8577, Adj R2: 0.8577
Valid Metrics, MSE: 2407524.3857, RMSE: 1551.6199, MAE: 1062.6253, MedAE: 800.0553, R2: 0.8544, Adj R2: 0.8544
Training Runtime: 0.16s, Prediction Runtime: 0.02s

Best Model: Lasso 1 | ROC AUC: 958.8743957545563

