========== Fold: 0 Training ==========
Training Data Shape: (46916, 22)
Validation Data Shape: (11729, 22)
Classes: [False, True]

Logistic Regression 1
Train Metrics, Accuracy: 0.9128, Precision: 0.7811, Recall: 0.5389, F1 Score: 0.6378, ROC AUC: 0.9043, Avg Precision: 0.7165
Valid Metrics, Accuracy: 0.9095, Precision: 0.7627, Recall: 0.5293, F1 Score: 0.6250, ROC AUC: 0.8930, Avg Precision: 0.7006
Training Runtime: 0.12s, Prediction Runtime: 0.03s

Linear Discriminant Analysis 1
Train Metrics, Accuracy: 0.9041, Precision: 0.6901, Recall: 0.5933, F1 Score: 0.6380, ROC AUC: 0.8924, Avg Precision: 0.6683
Valid Metrics, Accuracy: 0.8988, Precision: 0.6676, Recall: 0.5760, F1 Score: 0.6185, ROC AUC: 0.8812, Avg Precision: 0.6537
Training Runtime: 0.09s, Prediction Runtime: 0.02s

Bernoulli Bayes 1
Train Metrics, Accuracy: 0.8776, Precision: 0.5835, Recall: 0.4912, F1 Score: 0.5334, ROC AUC: 0.8655, Avg Precision: 0.5819
Valid Metrics, Accuracy: 0.8723, Precision: 0.5601, Recall: 0.4802, F1 Score: 0.5171, ROC AUC: 0.8545, Avg Precision: 0.5668
Training Runtime: 0.03s, Prediction Runtime: 0.060000000000000005s

Best Model: Logistic Regression 1 | ROC AUC: 0.8930321284064737

========== Fold: 1 Training ==========
========== Fold: 1 Training ==========
Training Data Shape: (46916, 22)
Training Data Shape: (46916, 22)
Validation Data Shape: (11729, 22)
Validation Data Shape: (11729, 22)
Classes: [False, True]
Classes: [False, True]


Logistic Regression 1
Logistic Regression 1
Train Metrics, Accuracy: 0.9124, Precision: 0.7789, Recall: 0.5374, F1 Score: 0.6360, ROC AUC: 0.9021, Avg Precision: 0.7134
Train Metrics, Accuracy: 0.9124, Precision: 0.7789, Recall: 0.5374, F1 Score: 0.6360, ROC AUC: 0.9021, Avg Precision: 0.7134
Valid Metrics, Accuracy: 0.9139, Precision: 0.7850, Recall: 0.5443, F1 Score: 0.6429, ROC AUC: 0.9014, Avg Precision: 0.7128
Valid Metrics, Accuracy: 0.9139, Precision: 0.7850, Recall: 0.5443, F1 Score: 0.6429, ROC AUC: 0.9014, Avg Precision: 0.7128
Training Runtime: 0.11s, Prediction Runtime: 0.03s

Training Runtime: 0.11s, Prediction Runtime: 0.03s

Linear Discriminant Analysis 1
Linear Discriminant Analysis 1
Train Metrics, Accuracy: 0.9037, Precision: 0.6867, Recall: 0.5946, F1 Score: 0.6374, ROC AUC: 0.8902, Avg Precision: 0.6658
Train Metrics, Accuracy: 0.9037, Precision: 0.6867, Recall: 0.5946, F1 Score: 0.6374, ROC AUC: 0.8902, Avg Precision: 0.6658
Valid Metrics, Accuracy: 0.9041, Precision: 0.6899, Recall: 0.5928, F1 Score: 0.6377, ROC AUC: 0.8883, Avg Precision: 0.6639
Valid Metrics, Accuracy: 0.9041, Precision: 0.6899, Recall: 0.5928, F1 Score: 0.6377, ROC AUC: 0.8883, Avg Precision: 0.6639
Training Runtime: 0.11s, Prediction Runtime: 0.03s

Training Runtime: 0.11s, Prediction Runtime: 0.03s

Bernoulli Bayes 1
Bernoulli Bayes 1
Train Metrics, Accuracy: 0.8764, Precision: 0.5782, Recall: 0.4882, F1 Score: 0.5294, ROC AUC: 0.8633, Avg Precision: 0.5789
Train Metrics, Accuracy: 0.8764, Precision: 0.5782, Recall: 0.4882, F1 Score: 0.5294, ROC AUC: 0.8633, Avg Precision: 0.5789
Valid Metrics, Accuracy: 0.8765, Precision: 0.5803, Recall: 0.4802, F1 Score: 0.5256, ROC AUC: 0.8622, Avg Precision: 0.5747
Valid Metrics, Accuracy: 0.8765, Precision: 0.5803, Recall: 0.4802, F1 Score: 0.5256, ROC AUC: 0.8622, Avg Precision: 0.5747
Training Runtime: 0.03s, Prediction Runtime: 0.08s

Training Runtime: 0.03s, Prediction Runtime: 0.08s

Best Model: Logistic Regression 1 | ROC AUC: 0.9013597618363036

Best Model: Logistic Regression 1 | ROC AUC: 0.9013597618363036

========== Fold: 2 Training ==========
Training Data Shape: (46916, 22)
Validation Data Shape: (11729, 22)
Classes: [False, True]

Logistic Regression 1
Train Metrics, Accuracy: 0.9118, Precision: 0.7771, Recall: 0.5334, F1 Score: 0.6326, ROC AUC: 0.9026, Avg Precision: 0.7114
Valid Metrics, Accuracy: 0.9123, Precision: 0.7880, Recall: 0.5251, F1 Score: 0.6303, ROC AUC: 0.9005, Avg Precision: 0.7208
Training Runtime: 0.13s, Prediction Runtime: 0.03s

Linear Discriminant Analysis 1
Train Metrics, Accuracy: 0.9034, Precision: 0.6874, Recall: 0.5900, F1 Score: 0.6350, ROC AUC: 0.8911, Avg Precision: 0.6648
Valid Metrics, Accuracy: 0.9049, Precision: 0.6947, Recall: 0.5928, F1 Score: 0.6397, ROC AUC: 0.8881, Avg Precision: 0.6749
Training Runtime: 0.09s, Prediction Runtime: 0.03s

Bernoulli Bayes 1
Train Metrics, Accuracy: 0.8750, Precision: 0.5708, Recall: 0.4918, F1 Score: 0.5283, ROC AUC: 0.8630, Avg Precision: 0.5755
Valid Metrics, Accuracy: 0.8789, Precision: 0.5895, Recall: 0.4928, F1 Score: 0.5369, ROC AUC: 0.8641, Avg Precision: 0.5860
Training Runtime: 0.03s, Prediction Runtime: 0.060000000000000005s

Best Model: Logistic Regression 1 | ROC AUC: 0.9004905786399167

========== Fold: 3 Training ==========
Training Data Shape: (46916, 22)
Validation Data Shape: (11729, 22)
Classes: [False, True]

Logistic Regression 1
Train Metrics, Accuracy: 0.9112, Precision: 0.7757, Recall: 0.5292, F1 Score: 0.6292, ROC AUC: 0.9005, Avg Precision: 0.7087
Valid Metrics, Accuracy: 0.9148, Precision: 0.7940, Recall: 0.5425, F1 Score: 0.6446, ROC AUC: 0.9103, Avg Precision: 0.7280
Training Runtime: 0.12s, Prediction Runtime: 0.03s

Linear Discriminant Analysis 1
Train Metrics, Accuracy: 0.9017, Precision: 0.6806, Recall: 0.5840, F1 Score: 0.6286, ROC AUC: 0.8880, Avg Precision: 0.6617
Valid Metrics, Accuracy: 0.9079, Precision: 0.7075, Recall: 0.6024, F1 Score: 0.6507, ROC AUC: 0.9004, Avg Precision: 0.6782
Training Runtime: 0.12s, Prediction Runtime: 0.03s

Bernoulli Bayes 1
Train Metrics, Accuracy: 0.8746, Precision: 0.5691, Recall: 0.4913, F1 Score: 0.5274, ROC AUC: 0.8609, Avg Precision: 0.5731
Valid Metrics, Accuracy: 0.8777, Precision: 0.5822, Recall: 0.5006, F1 Score: 0.5383, ROC AUC: 0.8667, Avg Precision: 0.5862
Training Runtime: 0.03s, Prediction Runtime: 0.060000000000000005s

Best Model: Logistic Regression 1 | ROC AUC: 0.9102765539603762

========== Fold: 4 Training ==========
Training Data Shape: (46916, 22)
Validation Data Shape: (11729, 22)
Classes: [False, True]

Logistic Regression 1
Train Metrics, Accuracy: 0.9131, Precision: 0.7819, Recall: 0.5409, F1 Score: 0.6394, ROC AUC: 0.9019, Avg Precision: 0.7156
Valid Metrics, Accuracy: 0.9103, Precision: 0.7614, Recall: 0.5389, F1 Score: 0.6311, ROC AUC: 0.9041, Avg Precision: 0.6993
Training Runtime: 0.12s, Prediction Runtime: 0.03s

Linear Discriminant Analysis 1
Train Metrics, Accuracy: 0.9041, Precision: 0.6895, Recall: 0.5940, F1 Score: 0.6382, ROC AUC: 0.8898, Avg Precision: 0.6675
Valid Metrics, Accuracy: 0.9002, Precision: 0.6705, Recall: 0.5874, F1 Score: 0.6262, ROC AUC: 0.8920, Avg Precision: 0.6554
Training Runtime: 0.09s, Prediction Runtime: 0.03s

Bernoulli Bayes 1
Train Metrics, Accuracy: 0.8764, Precision: 0.5780, Recall: 0.4886, F1 Score: 0.5296, ROC AUC: 0.8623, Avg Precision: 0.5783
Valid Metrics, Accuracy: 0.8742, Precision: 0.5663, Recall: 0.4958, F1 Score: 0.5287, ROC AUC: 0.8660, Avg Precision: 0.5735
Training Runtime: 0.03s, Prediction Runtime: 0.060000000000000005s

Best Model: Logistic Regression 1 | ROC AUC: 0.9041247061498833

