========== Fold: 0 Training ==========
Training Data Shape: (61214, 32)
Validation Data Shape: (15304, 32)
Classes: ['Dropout', 'Enrolled', 'Graduate']

Logistic Regression 1
Train Metrics, Accuracy: 0.8140, Precision: 0.7816, Recall: 0.7615, F1 Score: 0.7694, ROC AUC: 0.9201, Avg Precision: 0.8095
Valid Metrics, Accuracy: 0.8147, Precision: 0.7824, Recall: 0.7634, F1 Score: 0.7709, ROC AUC: 0.9197, Avg Precision: 0.8101
Training Runtime: 0.61s, Prediction Runtime: 0.060000000000000005s

Linear Discriminant Analysis 1
Train Metrics, Accuracy: 0.8031, Precision: 0.7768, Recall: 0.7543, F1 Score: 0.7618, ROC AUC: 0.9122, Avg Precision: 0.7997
Valid Metrics, Accuracy: 0.8004, Precision: 0.7745, Recall: 0.7510, F1 Score: 0.7585, ROC AUC: 0.9114, Avg Precision: 0.7982
Training Runtime: 0.26s, Prediction Runtime: 0.05s

Bernoulli Bayes 1
Train Metrics, Accuracy: 0.7868, Precision: 0.7521, Recall: 0.7407, F1 Score: 0.7448, ROC AUC: 0.8965, Avg Precision: 0.7803
Valid Metrics, Accuracy: 0.7853, Precision: 0.7501, Recall: 0.7397, F1 Score: 0.7433, ROC AUC: 0.8956, Avg Precision: 0.7775
Training Runtime: 0.06s, Prediction Runtime: 0.13s

Gaussian Bayes 1
Train Metrics, Accuracy: 0.7693, Precision: 0.7285, Recall: 0.7067, F1 Score: 0.7140, ROC AUC: 0.8793, Avg Precision: 0.7282
Valid Metrics, Accuracy: 0.7610, Precision: 0.7161, Recall: 0.6960, F1 Score: 0.7025, ROC AUC: 0.8797, Avg Precision: 0.7301
Training Runtime: 0.06s, Prediction Runtime: 0.2s

Best Model: Logistic Regression 1 | ROC AUC: 0.919662070545959

========== Fold: 1 Training ==========
Training Data Shape: (61214, 32)
Validation Data Shape: (15304, 32)
Classes: ['Dropout', 'Enrolled', 'Graduate']

Logistic Regression 1
Train Metrics, Accuracy: 0.8142, Precision: 0.7818, Recall: 0.7613, F1 Score: 0.7693, ROC AUC: 0.9199, Avg Precision: 0.8094
Valid Metrics, Accuracy: 0.8170, Precision: 0.7856, Recall: 0.7659, F1 Score: 0.7737, ROC AUC: 0.9211, Avg Precision: 0.8103
Training Runtime: 0.59s, Prediction Runtime: 0.060000000000000005s

Linear Discriminant Analysis 1
Train Metrics, Accuracy: 0.8021, Precision: 0.7755, Recall: 0.7527, F1 Score: 0.7603, ROC AUC: 0.9118, Avg Precision: 0.7990
Valid Metrics, Accuracy: 0.8069, Precision: 0.7813, Recall: 0.7594, F1 Score: 0.7668, ROC AUC: 0.9134, Avg Precision: 0.8032
Training Runtime: 0.26s, Prediction Runtime: 0.05s

Bernoulli Bayes 1
Train Metrics, Accuracy: 0.7862, Precision: 0.7493, Recall: 0.7373, F1 Score: 0.7419, ROC AUC: 0.8957, Avg Precision: 0.7780
Valid Metrics, Accuracy: 0.7865, Precision: 0.7498, Recall: 0.7388, F1 Score: 0.7430, ROC AUC: 0.8959, Avg Precision: 0.7792
Training Runtime: 0.05s, Prediction Runtime: 0.13s

Gaussian Bayes 1
Train Metrics, Accuracy: 0.7670, Precision: 0.7250, Recall: 0.7001, F1 Score: 0.7077, ROC AUC: 0.8806, Avg Precision: 0.7296
Valid Metrics, Accuracy: 0.7675, Precision: 0.7262, Recall: 0.7025, F1 Score: 0.7100, ROC AUC: 0.8791, Avg Precision: 0.7307
Training Runtime: 0.06s, Prediction Runtime: 0.21000000000000002s

Best Model: Logistic Regression 1 | ROC AUC: 0.921055171974911

========== Fold: 2 Training ==========
Training Data Shape: (61214, 32)
Validation Data Shape: (15304, 32)
Classes: ['Dropout', 'Enrolled', 'Graduate']

Logistic Regression 1
Train Metrics, Accuracy: 0.8146, Precision: 0.7826, Recall: 0.7626, F1 Score: 0.7704, ROC AUC: 0.9206, Avg Precision: 0.8105
Valid Metrics, Accuracy: 0.8112, Precision: 0.7782, Recall: 0.7586, F1 Score: 0.7663, ROC AUC: 0.9184, Avg Precision: 0.8061
Training Runtime: 0.55s, Prediction Runtime: 0.05s

Linear Discriminant Analysis 1
Train Metrics, Accuracy: 0.8029, Precision: 0.7769, Recall: 0.7540, F1 Score: 0.7615, ROC AUC: 0.9123, Avg Precision: 0.8000
Valid Metrics, Accuracy: 0.8001, Precision: 0.7724, Recall: 0.7503, F1 Score: 0.7577, ROC AUC: 0.9110, Avg Precision: 0.7962
Training Runtime: 0.25s, Prediction Runtime: 0.05s

Bernoulli Bayes 1
Train Metrics, Accuracy: 0.7867, Precision: 0.7518, Recall: 0.7407, F1 Score: 0.7447, ROC AUC: 0.8969, Avg Precision: 0.7807
Valid Metrics, Accuracy: 0.7875, Precision: 0.7530, Recall: 0.7402, F1 Score: 0.7449, ROC AUC: 0.8942, Avg Precision: 0.7770
Training Runtime: 0.05s, Prediction Runtime: 0.13s

Gaussian Bayes 1
Train Metrics, Accuracy: 0.7663, Precision: 0.7241, Recall: 0.7017, F1 Score: 0.7090, ROC AUC: 0.8804, Avg Precision: 0.7297
Valid Metrics, Accuracy: 0.7621, Precision: 0.7183, Recall: 0.6970, F1 Score: 0.7039, ROC AUC: 0.8773, Avg Precision: 0.7228
Training Runtime: 0.05s, Prediction Runtime: 0.21000000000000002s

Best Model: Logistic Regression 1 | ROC AUC: 0.9184311512380656

========== Fold: 3 Training ==========
Training Data Shape: (61215, 32)
Validation Data Shape: (15303, 32)
Classes: ['Dropout', 'Enrolled', 'Graduate']

Logistic Regression 1
Train Metrics, Accuracy: 0.8151, Precision: 0.7835, Recall: 0.7632, F1 Score: 0.7711, ROC AUC: 0.9200, Avg Precision: 0.8100
Valid Metrics, Accuracy: 0.8122, Precision: 0.7773, Recall: 0.7562, F1 Score: 0.7643, ROC AUC: 0.9202, Avg Precision: 0.8097
Training Runtime: 0.74s, Prediction Runtime: 0.05s

Linear Discriminant Analysis 1
Train Metrics, Accuracy: 0.8029, Precision: 0.7769, Recall: 0.7544, F1 Score: 0.7618, ROC AUC: 0.9121, Avg Precision: 0.7999
Valid Metrics, Accuracy: 0.8018, Precision: 0.7741, Recall: 0.7518, F1 Score: 0.7593, ROC AUC: 0.9117, Avg Precision: 0.7989
Training Runtime: 0.25s, Prediction Runtime: 0.07s

Bernoulli Bayes 1
Train Metrics, Accuracy: 0.7877, Precision: 0.7531, Recall: 0.7412, F1 Score: 0.7455, ROC AUC: 0.8965, Avg Precision: 0.7807
Valid Metrics, Accuracy: 0.7858, Precision: 0.7500, Recall: 0.7378, F1 Score: 0.7423, ROC AUC: 0.8961, Avg Precision: 0.7778
Training Runtime: 0.05s, Prediction Runtime: 0.15s

Gaussian Bayes 1
Train Metrics, Accuracy: 0.7705, Precision: 0.7301, Recall: 0.7083, F1 Score: 0.7157, ROC AUC: 0.8797, Avg Precision: 0.7300
Valid Metrics, Accuracy: 0.7697, Precision: 0.7271, Recall: 0.7039, F1 Score: 0.7113, ROC AUC: 0.8783, Avg Precision: 0.7252
Training Runtime: 0.06s, Prediction Runtime: 0.24s

Best Model: Logistic Regression 1 | ROC AUC: 0.9202182556758213

========== Fold: 4 Training ==========
Training Data Shape: (61215, 32)
Validation Data Shape: (15303, 32)
Classes: ['Dropout', 'Enrolled', 'Graduate']

Logistic Regression 1
Train Metrics, Accuracy: 0.8145, Precision: 0.7818, Recall: 0.7620, F1 Score: 0.7698, ROC AUC: 0.9201, Avg Precision: 0.8094
Valid Metrics, Accuracy: 0.8152, Precision: 0.7853, Recall: 0.7638, F1 Score: 0.7721, ROC AUC: 0.9196, Avg Precision: 0.8098
Training Runtime: 0.64s, Prediction Runtime: 0.07s

Linear Discriminant Analysis 1
Train Metrics, Accuracy: 0.8022, Precision: 0.7757, Recall: 0.7532, F1 Score: 0.7606, ROC AUC: 0.9119, Avg Precision: 0.7989
Valid Metrics, Accuracy: 0.8028, Precision: 0.7780, Recall: 0.7548, F1 Score: 0.7622, ROC AUC: 0.9116, Avg Precision: 0.7991
Training Runtime: 0.32s, Prediction Runtime: 0.07s

Bernoulli Bayes 1
Train Metrics, Accuracy: 0.7872, Precision: 0.7521, Recall: 0.7402, F1 Score: 0.7445, ROC AUC: 0.8957, Avg Precision: 0.7785
Valid Metrics, Accuracy: 0.7879, Precision: 0.7538, Recall: 0.7422, F1 Score: 0.7463, ROC AUC: 0.8990, Avg Precision: 0.7858
Training Runtime: 0.05s, Prediction Runtime: 0.16999999999999998s

Gaussian Bayes 1
Train Metrics, Accuracy: 0.7667, Precision: 0.7243, Recall: 0.6987, F1 Score: 0.7063, ROC AUC: 0.8801, Avg Precision: 0.7304
Valid Metrics, Accuracy: 0.7746, Precision: 0.7378, Recall: 0.7100, F1 Score: 0.7188, ROC AUC: 0.8827, Avg Precision: 0.7340
Training Runtime: 0.08s, Prediction Runtime: 0.28s

Best Model: Logistic Regression 1 | ROC AUC: 0.9196240577323668

